java.lang.UnsatisfiedLinkError: libaprutil-1.so.0: cannot open shared object file: No such file or directory
	at com.sun.jna.Native.open(Native Method)
	at com.sun.jna.Native.open(Native.java:1759)
	at com.sun.jna.NativeLibrary.loadLibrary(NativeLibrary.java:260)
	at com.sun.jna.NativeLibrary.getInstance(NativeLibrary.java:398)
	at com.sun.jna.NativeLibrary.getInstance(NativeLibrary.java:337)
	at com.nec.jp.eem.api.internal.ExpEtherNativeLibrary.<init>(ExpEtherNativeLibrary.java:627)
	at com.nec.jp.eem.api.internal.ExpEtherNativeLibrary.<clinit>(ExpEtherNativeLibrary.java:37)
	at com.nec.jp.eem.api.internal.AppMain.initialize(AppMain.java:150)
	at com.nec.jp.eem.tomcat.ResourceManager.initializeApi(ResourceManager.java:114)
	at com.nec.jp.eem.tomcat.ResourceManager.initialize(ResourceManager.java:88)
	at com.nec.jp.eem.tomcat.StatusChangeHandler.lifecycleEvent(StatusChangeHandler.java:46)
	at org.apache.catalina.util.LifecycleSupport.fireLifecycleEvent(LifecycleSupport.java:117)
	at org.apache.catalina.util.LifecycleBase.fireLifecycleEvent(LifecycleBase.java:90)
	at org.apache.catalina.util.LifecycleBase.setStateInternal(LifecycleBase.java:402)
	at org.apache.catalina.util.LifecycleBase.init(LifecycleBase.java:99)
	at org.apache.catalina.startup.Catalina.load(Catalina.java:638)
	at org.apache.catalina.startup.Catalina.load(Catalina.java:663)
	at sun.reflect.NativeMethodAccessorImpl.invoke0(Native Method)
	at sun.reflect.NativeMethodAccessorImpl.invoke(NativeMethodAccessorImpl.java:62)
	at sun.reflect.DelegatingMethodAccessorImpl.invoke(DelegatingMethodAccessorImpl.java:43)
	at java.lang.reflect.Method.invoke(Method.java:498)
	at org.apache.catalina.startup.Bootstrap.load(Bootstrap.java:280)
	at org.apache.catalina.startup.Bootstrap.main(Bootstrap.java:454)
